<?xml version="1.0" encoding="UTF-8"?>
<!-- Generated by org.testng.reporters.JUnitReportReporter -->
<testsuite hostname="APT04-1DKF7G3" failures="0" tests="3" name="Loginpage.Loginpagetestcases" time="42.718" errors="0" timestamp="2024-08-09T15:22:14 IST" skipped="0">
  <testcase classname="Loginpage.Loginpagetestcases" name="login" time="18.229"/>
  <testcase classname="Loginpage.Loginpagetestcases" name="login" time="14.415"/>
  <testcase classname="Loginpage.Loginpagetestcases" name="login" time="10.074"/>
</testsuite> <!-- Loginpage.Loginpagetestcases -->
