<?xml version="1.0" encoding="UTF-8"?>
<!-- Generated by org.testng.reporters.JUnitReportReporter -->
<testsuite hostname="APT04-1DKF7G3" failures="0" tests="1" name="Loginpage.Loginpagetestcases" time="6.126" errors="0" timestamp="2024-08-06T20:41:31 IST" skipped="0">
  <testcase classname="Loginpage.Loginpagetestcases" name="login" time="6.126"/>
</testsuite> <!-- Loginpage.Loginpagetestcases -->
